#
# A fatal error has been detected by the Java Runtime Environment:
#
#  EXCEPTION_ACCESS_VIOLATION (0xc0000005) at pc=0x00007ffd1c773900, pid=7792, tid=8208
#
# JRE version: OpenJDK Runtime Environment Temurin-19.0.2+7 (19.0.2+7) (build 19.0.2+7)
# Java VM: OpenJDK 64-Bit Server VM Temurin-19.0.2+7 (19.0.2+7, mixed mode, tiered, compressed oops, compressed class ptrs, g1 gc, windows-amd64)
# Problematic frame:
# V  [jvm.dll+0x353900]
#
# No core dump will be written. Minidumps are not enabled by default on client versions of Windows
#
# If you would like to submit a bug report, please visit:
#   https://github.com/adoptium/adoptium-support/issues
#

---------------  S U M M A R Y ------------

Command Line: -ea -Dfile.encoding=windows-1252 -XX:+ShowCodeDetailsInExceptionMessages org.testng.remote.RemoteTestNG -serport 51359 -protocol json -d C:\Users\INDIAN\git\medsol2\test-output C:\Users\INDIAN\git\medsol2\testng.xml

Host: Intel(R) Core(TM) i3-3110M CPU @ 2.40GHz, 4 cores, 3G,  Windows 10 , 64 bit Build 15063 (10.0.15063.296)
Time: Mon Jun 26 15:08:59 2023 India Standard Time elapsed time: 2.567344 seconds (0d 0h 0m 2s)

---------------  T H R E A D  ---------------

Current thread (0x00000285ba179900):  WorkerThread "GC Thread#1" [stack: 0x000000b500f00000,0x000000b501000000] [id=8208]

Stack: [0x000000b500f00000,0x000000b501000000],  sp=0x000000b500fff770,  free space=1021k
Native frames: (J=compiled Java code, j=interpreted, Vv=VM code, C=native code)
V  [jvm.dll+0x353900]
V  [jvm.dll+0x355029]
V  [jvm.dll+0x354785]
V  [jvm.dll+0x3557fa]
V  [jvm.dll+0x355412]
V  [jvm.dll+0x36f13a]
V  [jvm.dll+0x36f76a]
V  [jvm.dll+0x36f867]
V  [jvm.dll+0x37097b]
V  [jvm.dll+0x8cf104]
V  [jvm.dll+0x84de3a]
V  [jvm.dll+0x6e8abb]
C  [ucrtbase.dll+0x20369]
C  [KERNEL32.DLL+0x12774]
C  [ntdll.dll+0x70d51]


siginfo: EXCEPTION_ACCESS_VIOLATION (0xc0000005), reading address 0x00000006d41f37c0


Registers:
RAX=0x00000000b6801f20, RBX=0x0000000000000001, RCX=0x00000001001e25c8, RDX=0x00000000c4d9a028
RSP=0x000000b500fff770, RBP=0x00000006d41f37c8, RSI=0x00000285bae97db0, RDI=0x0000000000000001
R8 =0x00000285bae97db0, R9 =0x00007ffd1cfb8f88, R10=0x0000000000000000, R11=0x0000000000000035
R12=0x00000001001e25c8, R13=0x00000001001e25c8, R14=0x00000000c4d9a028, R15=0x00000001201e3ec8
RIP=0x00007ffd1c773900, EFLAGS=0x0000000000010287


Register to memory mapping:

RIP=0x00007ffd1c773900 jvm.dll
RAX=0x00000000b6801f20 is an unknown value
RBX=0x0000000000000001 is an unknown value
RCX=0x00000001001e25c8 is pointing into metadata
RDX=
[error occurred during error reporting (printing register info), id 0xc0000005, EXCEPTION_ACCESS_VIOLATION (0xc0000005) at pc=0x00007ffd1c42ca68]

Top of Stack: (sp=0x000000b500fff770)
0x000000b500fff770:   000000000003c46c 000000b500fff8f8
0x000000b500fff780:   00000001001e25c8 00007ffd1c7446a5
0x000000b500fff790:   0000000000000000 00000000c4d9a028
0x000000b500fff7a0:   0000000000000001 00000000c4d9a028
0x000000b500fff7b0:   0000000000000001 00007ffd1c775029
0x000000b500fff7c0:   0000000000000001 00000285bae97c30
0x000000b500fff7d0:   000000000003c46c 00007ffd1c77321f
0x000000b500fff7e0:   00000000c3dfa200 00000285bae90100
0x000000b500fff7f0:   00000285bae97c30 00000000c3dfa2c0
0x000000b500fff800:   00000285bae97c30 0000000000000000
0x000000b500fff810:   000000b500fff889 00007ffd1c774785
0x000000b500fff820:   0000000000000001 0000000000000000
0x000000b500fff830:   000000000003c46c 00000000c3f842c8
0x000000b500fff840:   0000000000000000 00007ffd00000000
0x000000b500fff850:   0000000000000000 000000000003c46c
0x000000b500fff860:   000002859e20a8b0 0000000000000001 

Instructions: (pc=0x00007ffd1c773900)
0x00007ffd1c773800:   03 d6 e8 39 f1 ff ff 48 8b 7e 08 48 85 ff 74 3d
0x00007ffd1c773810:   48 63 0d c9 76 8b 00 49 03 ce 83 fb 05 75 08 ff
0x00007ffd1c773820:   15 db 3d 84 00 eb 06 ff 15 cb 3d 84 00 48 85 c0
0x00007ffd1c773830:   74 1b 48 8b 00 24 03 3c 03 74 12 48 8b 07 44 8b
0x00007ffd1c773840:   c3 49 8b d6 48 8b cf ff 10 84 c0 75 48 48 63 15
0x00007ffd1c773850:   8c 76 8b 00 48 8b ce 49 03 d6 e8 e1 f0 ff ff 48
0x00007ffd1c773860:   63 15 86 76 8b 00 48 8b ce 49 03 d6 48 83 c4 20
0x00007ffd1c773870:   41 5e 41 5c 5f 5e 5b e9 c4 f0 ff ff 41 0f b6 94
0x00007ffd1c773880:   24 24 01 00 00 4c 8d 4c 24 50 4c 8b c6 49 8b ce
0x00007ffd1c773890:   e8 3b fd ff ff 48 83 c4 20 41 5e 41 5c 5f 5e 5b
0x00007ffd1c7738a0:   c3 cc cc cc cc cc cc cc cc cc cc cc cc cc cc cc
0x00007ffd1c7738b0:   40 53 56 57 41 54 41 56 48 83 ec 20 48 63 81 a0
0x00007ffd1c7738c0:   00 00 00 49 8b f0 48 83 c0 37 48 89 6c 24 58 4c
0x00007ffd1c7738d0:   89 7c 24 60 4c 8b f2 4c 63 b9 14 01 00 00 4c 8b
0x00007ffd1c7738e0:   e1 4c 03 f8 8b 81 10 01 00 00 4e 8d 3c f9 49 8d
0x00007ffd1c7738f0:   2c c7 4c 3b fd 73 42 66 0f 1f 84 00 00 00 00 00
0x00007ffd1c773900:   48 63 7d f8 48 83 ed 08 49 03 fe 8b 45 04 48 8d
0x00007ffd1c773910:   1c 87 48 3b df 76 1d 66 0f 1f 84 00 00 00 00 00
0x00007ffd1c773920:   48 83 eb 04 48 8b ce 48 8b d3 e8 c1 f0 ff ff 48
0x00007ffd1c773930:   3b df 77 ec 49 3b ef 77 c7 48 8b 06 48 8b ce ff
0x00007ffd1c773940:   50 10 4c 8b 7c 24 60 48 8b 6c 24 58 85 c0 0f 84
0x00007ffd1c773950:   c8 00 00 00 83 e8 01 74 33 83 e8 01 0f 84 8b 00
0x00007ffd1c773960:   00 00 83 f8 01 0f 84 94 00 00 00 ba 84 00 00 00
0x00007ffd1c773970:   48 8d 0d 89 b5 64 00 e8 a4 81 f2 ff 48 83 c4 20
0x00007ffd1c773980:   41 5e 41 5c 5f 5e 5b e9 44 5e 39 00 48 63 15 59
0x00007ffd1c773990:   75 8b 00 48 8b ce 41 0f b6 9c 24 24 01 00 00 49
0x00007ffd1c7739a0:   03 d6 e8 49 f0 ff ff 48 8b 7e 08 48 85 ff 74 3d
0x00007ffd1c7739b0:   48 63 0d 29 75 8b 00 49 03 ce 83 fb 05 75 08 ff
0x00007ffd1c7739c0:   15 3b 3c 84 00 eb 06 ff 15 2b 3c 84 00 48 85 c0
0x00007ffd1c7739d0:   74 1b 48 8b 00 24 03 3c 03 74 12 48 8b 07 44 8b
0x00007ffd1c7739e0:   c3 49 8b d6 48 8b cf ff 10 84 c0 75 48 48 63 15
0x00007ffd1c7739f0:   ec 74 8b 00 48 8b ce 49 03 d6 e8 f1 ef ff ff 48 


Stack slot to memory mapping:
stack at sp + 0 slots: 0x000000000003c46c is an unknown value
stack at sp + 1 slots: 0x000000b500fff8f8 points into unknown readable memory: 0x0000000000000001 | 01 00 00 00 00 00 00 00
stack at sp + 2 slots: 0x00000001001e25c8 is pointing into metadata
stack at sp + 3 slots: 0x00007ffd1c7446a5 jvm.dll
stack at sp + 4 slots: 0x0 is NULL
stack at sp + 5 slots: 
[error occurred during error reporting (inspecting top of stack), id 0xc0000005, EXCEPTION_ACCESS_VIOLATION (0xc0000005) at pc=0x00007ffd1c42ca68]


---------------  P R O C E S S  ---------------

Threads class SMR info:
_java_thread_list=0x00000285bae34110, length=15, elements={
0x000002859e1939f0, 0x00000285b54ea670, 0x00000285b54ee260, 0x00000285b9830500,
0x00000285b9812bd0, 0x00000285b98160d0, 0x00000285b9817700, 0x00000285b981c420,
0x00000285b981ee70, 0x00000285b9824bb0, 0x00000285b98bba20, 0x00000285b99be010,
0x00000285b99ac0b0, 0x00000285ba05ef10, 0x00000285bae51430
}

Java Threads: ( => current thread )
  0x000002859e1939f0 JavaThread "main" [_thread_blocked, id=4948, stack(0x000000b57fa00000,0x000000b57fb00000)]
  0x00000285b54ea670 JavaThread "Reference Handler" daemon [_thread_blocked, id=3328, stack(0x000000b500200000,0x000000b500300000)]
  0x00000285b54ee260 JavaThread "Finalizer" daemon [_thread_blocked, id=6664, stack(0x000000b500300000,0x000000b500400000)]
  0x00000285b9830500 JavaThread "Signal Dispatcher" daemon [_thread_blocked, id=4184, stack(0x000000b500400000,0x000000b500500000)]
  0x00000285b9812bd0 JavaThread "Attach Listener" daemon [_thread_blocked, id=6376, stack(0x000000b500500000,0x000000b500600000)]
  0x00000285b98160d0 JavaThread "Service Thread" daemon [_thread_blocked, id=4800, stack(0x000000b500600000,0x000000b500700000)]
  0x00000285b9817700 JavaThread "Monitor Deflation Thread" daemon [_thread_blocked, id=9868, stack(0x000000b500700000,0x000000b500800000)]
  0x00000285b981c420 JavaThread "C2 CompilerThread0" daemon [_thread_blocked, id=5932, stack(0x000000b500800000,0x000000b500900000)]
  0x00000285b981ee70 JavaThread "C1 CompilerThread0" daemon [_thread_blocked, id=4212, stack(0x000000b500900000,0x000000b500a00000)]
  0x00000285b9824bb0 JavaThread "Sweeper thread" daemon [_thread_blocked, id=7512, stack(0x000000b500a00000,0x000000b500b00000)]
  0x00000285b98bba20 JavaThread "Notification Thread" daemon [_thread_blocked, id=10964, stack(0x000000b500b00000,0x000000b500c00000)]
  0x00000285b99be010 JavaThread "Common-Cleaner" daemon [_thread_blocked, id=7732, stack(0x000000b500d00000,0x000000b500e00000)]
  0x00000285b99ac0b0 JavaThread "C2 CompilerThread1" daemon [_thread_blocked, id=9444, stack(0x000000b500e00000,0x000000b500f00000)]
  0x00000285ba05ef10 JavaThread "ReaderThread" [_thread_in_native, id=772, stack(0x000000b501300000,0x000000b501400000)]
  0x00000285bae51430 JavaThread "ForkJoinPool.commonPool-worker-1" daemon [_thread_blocked, id=5944, stack(0x000000b501400000,0x000000b501500000)]

Other Threads:
  0x00000285b5497f10 VMThread "VM Thread" [stack: 0x000000b500000000,0x000000b500100000] [id=8440]
  0x00000285b992d400 WatcherThread "VM Periodic Task Thread" [stack: 0x000000b500c00000,0x000000b500d00000] [id=6256]
  0x000002859e1d47d0 WorkerThread "GC Thread#0" [stack: 0x000000b57fb00000,0x000000b57fc00000] [id=1080]
=>0x00000285ba179900 WorkerThread "GC Thread#1" [stack: 0x000000b500f00000,0x000000b501000000] [id=8208]
  0x00000285ba1b15c0 WorkerThread "GC Thread#2" [stack: 0x000000b501000000,0x000000b501100000] [id=5244]
  0x00000285b9ee5f40 WorkerThread "GC Thread#3" [stack: 0x000000b501100000,0x000000b501200000] [id=8324]
  0x000002859e1de190 ConcurrentGCThread "G1 Main Marker" [stack: 0x000000b57fc00000,0x000000b57fd00000] [id=4932]
  0x000002859e1debc0 WorkerThread "G1 Conc#0" [stack: 0x000000b57fd00000,0x000000b57fe00000] [id=2968]
  0x000002859e2352e0 ConcurrentGCThread "G1 Refine#0" [stack: 0x000000b57fe00000,0x000000b57ff00000] [id=9848]
  0x000002859e2369e0 ConcurrentGCThread "G1 Service" [stack: 0x000000b57ff00000,0x000000b580000000] [id=2916]

Threads with active compile tasks:

VM state: at safepoint (normal execution)

VM Mutex/Monitor currently owned by a thread:  ([mutex/lock_event])
[0x000002859e18d450] Threads_lock - owner thread: 0x00000285b5497f10
[0x000002859e18d690] Heap_lock - owner thread: 0x000002859e1939f0

Heap address: 0x00000000c1800000, size: 1000 MB, Compressed Oops mode: 32-bit

CDS archive(s) not mapped
Compressed class space mapped at: 0x0000000100000000-0x0000000140000000, reserved size: 1073741824
Narrow klass base: 0x0000000000000000, Narrow klass shift: 3, Narrow klass range: 0x140000000

GC Precious Log:
 CardTable entry size: 512
 Card Set container configuration: InlinePtr #cards 5 size 8 Array Of Cards #cards 12 size 40 Howl #buckets 4 coarsen threshold 1843 Howl Bitmap #cards 512 size 80 coarsen threshold 460 Card regions per heap region 1 cards per card region 2048
 CPUs: 4 total, 4 available
 Memory: 3996M
 Large Page Support: Disabled
 NUMA Support: Disabled
 Compressed Oops: Enabled (32-bit)
 Heap Region Size: 1M
 Heap Min Capacity: 8M
 Heap Initial Capacity: 64M
 Heap Max Capacity: 1000M
 Pre-touch: Disabled
 Parallel Workers: 4
 Concurrent Workers: 1
 Concurrent Refinement Workers: 4
 Periodic GC: Disabled

Heap:
 garbage-first heap   total 65536K, used 38752K [0x00000000c1800000, 0x0000000100000000)
  region size 1024K, 24 young (24576K), 3 survivors (3072K)
 Metaspace       used 23209K, committed 23552K, reserved 1114112K
  class space    used 2274K, committed 2432K, reserved 1048576K

Heap Regions: E=young(eden), S=young(survivor), O=old, HS=humongous(starts), HC=humongous(continues), CS=collection set, F=free, OA=open archive, CA=closed archive, TAMS=top-at-mark-start (previous, next)
|   0|0x00000000c1800000, 0x00000000c1900000, 0x00000000c1900000|100%|HS|  |TAMS 0x00000000c1900000, 0x00000000c1800000| Complete 
|   1|0x00000000c1900000, 0x00000000c1a00000, 0x00000000c1a00000|100%|HS|  |TAMS 0x00000000c1a00000, 0x00000000c1900000| Complete 
|   2|0x00000000c1a00000, 0x00000000c1b00000, 0x00000000c1b00000|100%|HC|  |TAMS 0x00000000c1b00000, 0x00000000c1a00000| Complete 
|   3|0x00000000c1b00000, 0x00000000c1c00000, 0x00000000c1c00000|100%|HC|  |TAMS 0x00000000c1c00000, 0x00000000c1b00000| Complete 
|   4|0x00000000c1c00000, 0x00000000c1d00000, 0x00000000c1d00000|100%| O|  |TAMS 0x00000000c1d00000, 0x00000000c1c00000| Untracked 
|   5|0x00000000c1d00000, 0x00000000c1e00000, 0x00000000c1e00000|100%| O|  |TAMS 0x00000000c1e00000, 0x00000000c1d00000| Untracked 
|   6|0x00000000c1e00000, 0x00000000c1f00000, 0x00000000c1f00000|100%| O|  |TAMS 0x00000000c1f00000, 0x00000000c1e00000| Untracked 
|   7|0x00000000c1f00000, 0x00000000c2000000, 0x00000000c2000000|100%| O|  |TAMS 0x00000000c2000000, 0x00000000c1f00000| Untracked 
|   8|0x00000000c2000000, 0x00000000c2100000, 0x00000000c2100000|100%| O|  |TAMS 0x00000000c2100000, 0x00000000c2000000| Untracked 
|   9|0x00000000c2100000, 0x00000000c2200000, 0x00000000c2200000|100%| O|  |TAMS 0x00000000c2200000, 0x00000000c2100000| Untracked 
|  10|0x00000000c2200000, 0x00000000c2300000, 0x00000000c2300000|100%| O|  |TAMS 0x00000000c2300000, 0x00000000c2200000| Untracked 
|  11|0x00000000c2300000, 0x00000000c2400000, 0x00000000c2400000|100%| O|  |TAMS 0x00000000c238d400, 0x00000000c2300000| Untracked 
|  12|0x00000000c2400000, 0x00000000c2500000, 0x00000000c2500000|100%| O|  |TAMS 0x00000000c2400000, 0x00000000c2400000| Untracked 
|  13|0x00000000c2500000, 0x00000000c2600000, 0x00000000c2600000|100%| O|  |TAMS 0x00000000c2500000, 0x00000000c2500000| Untracked 
|  14|0x00000000c2600000, 0x00000000c2699e00, 0x00000000c2700000| 60%| O|  |TAMS 0x00000000c2600000, 0x00000000c2600000| Complete 
|  15|0x00000000c2700000, 0x00000000c2800000, 0x00000000c2800000|100%| O|  |TAMS 0x00000000c2700000, 0x00000000c2700000| Untracked 
|  16|0x00000000c2800000, 0x00000000c2900000, 0x00000000c2900000|100%| O|  |TAMS 0x00000000c2800000, 0x00000000c2800000| Untracked 
|  17|0x00000000c2900000, 0x00000000c2a00000, 0x00000000c2a00000|100%| O|  |TAMS 0x00000000c2900000, 0x00000000c2900000| Untracked 
|  18|0x00000000c2a00000, 0x00000000c2ab2500, 0x00000000c2b00000| 69%| O|  |TAMS 0x00000000c2a00000, 0x00000000c2a00000| Untracked 
|  19|0x00000000c2b00000, 0x00000000c2b00000, 0x00000000c2c00000|  0%| F|  |TAMS 0x00000000c2b00000, 0x00000000c2b00000| Untracked 
|  20|0x00000000c2c00000, 0x00000000c2c00000, 0x00000000c2d00000|  0%| F|  |TAMS 0x00000000c2c00000, 0x00000000c2c00000| Untracked 
|  21|0x00000000c2d00000, 0x00000000c2d00000, 0x00000000c2e00000|  0%| F|  |TAMS 0x00000000c2d00000, 0x00000000c2d00000| Untracked 
|  22|0x00000000c2e00000, 0x00000000c2e00000, 0x00000000c2f00000|  0%| F|  |TAMS 0x00000000c2e00000, 0x00000000c2e00000| Untracked 
|  23|0x00000000c2f00000, 0x00000000c2f00000, 0x00000000c3000000|  0%| F|  |TAMS 0x00000000c2f00000, 0x00000000c2f00000| Untracked 
|  24|0x00000000c3000000, 0x00000000c3000000, 0x00000000c3100000|  0%| F|  |TAMS 0x00000000c3000000, 0x00000000c3000000| Untracked 
|  25|0x00000000c3100000, 0x00000000c3100000, 0x00000000c3200000|  0%| F|  |TAMS 0x00000000c3100000, 0x00000000c3100000| Untracked 
|  26|0x00000000c3200000, 0x00000000c3200000, 0x00000000c3300000|  0%| F|  |TAMS 0x00000000c3200000, 0x00000000c3200000| Untracked 
|  27|0x00000000c3300000, 0x00000000c3300000, 0x00000000c3400000|  0%| F|  |TAMS 0x00000000c3300000, 0x00000000c3300000| Untracked 
|  28|0x00000000c3400000, 0x00000000c3400000, 0x00000000c3500000|  0%| F|  |TAMS 0x00000000c3400000, 0x00000000c3400000| Untracked 
|  29|0x00000000c3500000, 0x00000000c3500000, 0x00000000c3600000|  0%| F|  |TAMS 0x00000000c3500000, 0x00000000c3500000| Untracked 
|  30|0x00000000c3600000, 0x00000000c3600000, 0x00000000c3700000|  0%| F|  |TAMS 0x00000000c3600000, 0x00000000c3600000| Untracked 
|  31|0x00000000c3700000, 0x00000000c3700000, 0x00000000c3800000|  0%| F|  |TAMS 0x00000000c3700000, 0x00000000c3700000| Untracked 
|  32|0x00000000c3800000, 0x00000000c3800000, 0x00000000c3900000|  0%| F|  |TAMS 0x00000000c3800000, 0x00000000c3800000| Untracked 
|  33|0x00000000c3900000, 0x00000000c3900000, 0x00000000c3a00000|  0%| F|  |TAMS 0x00000000c3900000, 0x00000000c3900000| Untracked 
|  34|0x00000000c3a00000, 0x00000000c3a00000, 0x00000000c3b00000|  0%| F|  |TAMS 0x00000000c3a00000, 0x00000000c3a00000| Untracked 
|  35|0x00000000c3b00000, 0x00000000c3b00000, 0x00000000c3c00000|  0%| F|  |TAMS 0x00000000c3b00000, 0x00000000c3b00000| Untracked 
|  36|0x00000000c3c00000, 0x00000000c3c00000, 0x00000000c3d00000|  0%| F|  |TAMS 0x00000000c3c00000, 0x00000000c3c00000| Untracked 
|  37|0x00000000c3d00000, 0x00000000c3e00000, 0x00000000c3e00000|100%| S|  |TAMS 0x00000000c3d00000, 0x00000000c3d00000| Complete 
|  38|0x00000000c3e00000, 0x00000000c3f00000, 0x00000000c3f00000|100%| S|  |TAMS 0x00000000c3e00000, 0x00000000c3e00000| Complete 
|  39|0x00000000c3f00000, 0x00000000c4000000, 0x00000000c4000000|100%| S|  |TAMS 0x00000000c3f00000, 0x00000000c3f00000| Complete 
|  40|0x00000000c4000000, 0x00000000c4100000, 0x00000000c4100000|100%| E|CS|TAMS 0x00000000c4000000, 0x00000000c4000000| Complete 
|  41|0x00000000c4100000, 0x00000000c4200000, 0x00000000c4200000|100%| E|CS|TAMS 0x00000000c4100000, 0x00000000c4100000| Complete 
|  42|0x00000000c4200000, 0x00000000c4300000, 0x00000000c4300000|100%| E|CS|TAMS 0x00000000c4200000, 0x00000000c4200000| Complete 
|  43|0x00000000c4300000, 0x00000000c4400000, 0x00000000c4400000|100%| E|CS|TAMS 0x00000000c4300000, 0x00000000c4300000| Complete 
|  44|0x00000000c4400000, 0x00000000c4500000, 0x00000000c4500000|100%| E|CS|TAMS 0x00000000c4400000, 0x00000000c4400000| Complete 
|  45|0x00000000c4500000, 0x00000000c4600000, 0x00000000c4600000|100%| E|CS|TAMS 0x00000000c4500000, 0x00000000c4500000| Complete 
|  46|0x00000000c4600000, 0x00000000c4700000, 0x00000000c4700000|100%| E|CS|TAMS 0x00000000c4600000, 0x00000000c4600000| Complete 
|  47|0x00000000c4700000, 0x00000000c4800000, 0x00000000c4800000|100%| E|CS|TAMS 0x00000000c4700000, 0x00000000c4700000| Complete 
|  48|0x00000000c4800000, 0x00000000c4900000, 0x00000000c4900000|100%| E|CS|TAMS 0x00000000c4800000, 0x00000000c4800000| Complete 
|  49|0x00000000c4900000, 0x00000000c4a00000, 0x00000000c4a00000|100%| E|CS|TAMS 0x00000000c4900000, 0x00000000c4900000| Complete 
|  50|0x00000000c4a00000, 0x00000000c4b00000, 0x00000000c4b00000|100%| E|CS|TAMS 0x00000000c4a00000, 0x00000000c4a00000| Complete 
|  51|0x00000000c4b00000, 0x00000000c4c00000, 0x00000000c4c00000|100%| E|CS|TAMS 0x00000000c4b00000, 0x00000000c4b00000| Complete 
|  52|0x00000000c4c00000, 0x00000000c4d00000, 0x00000000c4d00000|100%| E|CS|TAMS 0x00000000c4c00000, 0x00000000c4c00000| Complete 
|  53|0x00000000c4d00000, 0x00000000c4e00000, 0x00000000c4e00000|100%| E|CS|TAMS 0x00000000c4d00000, 0x00000000c4d00000| Complete 
|  54|0x00000000c4e00000, 0x00000000c4f00000, 0x00000000c4f00000|100%| E|CS|TAMS 0x00000000c4e00000, 0x00000000c4e00000| Complete 
|  55|0x00000000c4f00000, 0x00000000c5000000, 0x00000000c5000000|100%| E|CS|TAMS 0x00000000c4f00000, 0x00000000c4f00000| Complete 
|  56|0x00000000c5000000, 0x00000000c503e460, 0x00000000c5100000| 24%| E|CS|TAMS 0x00000000c5000000, 0x00000000c5000000| Complete 
|  57|0x00000000c5100000, 0x00000000c5200000, 0x00000000c5200000|100%| E|CS|TAMS 0x00000000c5100000, 0x00000000c5100000| Complete 
|  58|0x00000000c5200000, 0x00000000c5300000, 0x00000000c5300000|100%| E|CS|TAMS 0x00000000c5200000, 0x00000000c5200000| Complete 
|  59|0x00000000c5300000, 0x00000000c5400000, 0x00000000c5400000|100%| E|CS|TAMS 0x00000000c5300000, 0x00000000c5300000| Complete 
|  60|0x00000000c5400000, 0x00000000c5500000, 0x00000000c5500000|100%| E|CS|TAMS 0x00000000c5400000, 0x00000000c5400000| Complete 
|  61|0x00000000c5500000, 0x00000000c5600000, 0x00000000c5600000|100%| E|CS|TAMS 0x00000000c5500000, 0x00000000c5500000| Complete 
|  62|0x00000000c5600000, 0x00000000c5700000, 0x00000000c5700000|100%| E|CS|TAMS 0x00000000c5600000, 0x00000000c5600000| Complete 
|  63|0x00000000c5700000, 0x00000000c5800000, 0x00000000c5800000|100%| E|CS|TAMS 0x00000000c5700000, 0x00000000c5700000| Complete 

Card table byte_map: [0x00000285b0c90000,0x00000285b0e90000] _byte_map_base: 0x00000285b0684000

Marking Bits (Prev, Next): (CMBitMap*) 0x000002859e1d4e40, (CMBitMap*) 0x000002859e1d4e00
 Prev Bits: [0x00000285b2030000, 0x00000285b2fd0000)
 Next Bits: [0x00000285b1090000, 0x00000285b2030000)

Polling page: 0x000002859d940000

Metaspace:

Usage:
  Non-class:     20.44 MB used.
      Class:      2.22 MB used.
       Both:     22.67 MB used.

Virtual space:
  Non-class space:       64.00 MB reserved,      20.63 MB ( 32%) committed,  1 nodes.
      Class space:        1.00 GB reserved,       2.38 MB ( <1%) committed,  1 nodes.
             Both:        1.06 GB reserved,      23.00 MB (  2%) committed. 

Chunk freelists:
   Non-Class:  3.33 MB
       Class:  1.55 MB
        Both:  4.88 MB

MaxMetaspaceSize: unlimited
CompressedClassSpaceSize: 1.00 GB
Initial GC threshold: 21.00 MB
Current GC threshold: 35.13 MB
CDS: off
MetaspaceReclaimPolicy: balanced
 - commit_granule_bytes: 65536.
 - commit_granule_words: 8192.
 - virtual_space_node_default_size: 8388608.
 - enlarge_chunks_in_place: 1.
 - new_chunks_are_fully_committed: 0.
 - uncommit_free_chunks: 1.
 - use_allocation_guard: 0.


Internal statistics:

num_allocs_failed_limit: 3.
num_arena_births: 324.
num_arena_deaths: 0.
num_vsnodes_births: 2.
num_vsnodes_deaths: 0.
num_space_committed: 368.
num_space_uncommitted: 0.
num_chunks_returned_to_freelist: 3.
num_chunks_taken_from_freelist: 637.
num_chunk_merges: 0.
num_chunk_splits: 411.
num_chunks_enlarged: 299.
num_inconsistent_stats: 0.

CodeHeap 'non-profiled nmethods': size=120000Kb used=902Kb max_used=902Kb free=119097Kb
 bounds [0x00000285a9560000, 0x00000285a97d0000, 0x00000285b0a90000]
CodeHeap 'profiled nmethods': size=120000Kb used=4861Kb max_used=4861Kb free=115138Kb
 bounds [0x00000285a1a90000, 0x00000285a1f50000, 0x00000285a8fc0000]
CodeHeap 'non-nmethods': size=5760Kb used=1323Kb max_used=1350Kb free=4436Kb
 bounds [0x00000285a8fc0000, 0x00000285a9230000, 0x00000285a9560000]
 total_blobs=2926 nmethods=2383 adapters=453
 compilation: enabled
              stopped_count=0, restarted_count=0
 full_count=0

Compilation events (20 events):
Event: 2.514 Thread 0x00000285b981ee70 2374       3       java.util.ArrayList::isEmpty (13 bytes)
Event: 2.515 Thread 0x00000285b981ee70 nmethod 2374 0x00000285a1f4a210 code [0x00000285a1f4a3a0, 0x00000285a1f4a518]
Event: 2.515 Thread 0x00000285b981ee70 2375       3       java.util.ImmutableCollections$Set12::<init> (53 bytes)
Event: 2.516 Thread 0x00000285b981ee70 nmethod 2375 0x00000285a1f4a590 code [0x00000285a1f4a840, 0x00000285a1f4b458]
Event: 2.517 Thread 0x00000285b981ee70 2376       3       jdk.internal.misc.Unsafe::getAndAddInt (27 bytes)
Event: 2.518 Thread 0x00000285b981ee70 nmethod 2376 0x00000285a1f4b890 code [0x00000285a1f4ba40, 0x00000285a1f4bc88]
Event: 2.519 Thread 0x00000285b981ee70 2377       3       java.lang.invoke.LambdaFormEditor::bindArgumentType (101 bytes)
Event: 2.519 Thread 0x00000285b981ee70 nmethod 2377 0x00000285a1f4bd90 code [0x00000285a1f4bf40, 0x00000285a1f4c148]
Event: 2.519 Thread 0x00000285b981ee70 2378       3       java.lang.invoke.LambdaFormEditor::bindArgumentForm (269 bytes)
Event: 2.520 Thread 0x00000285b981c420 2379       4       java.lang.String::regionMatches (150 bytes)
Event: 2.521 Thread 0x00000285b99ac0b0 2380       4       java.lang.StringLatin1::regionMatchesCI (82 bytes)
Event: 2.521 Thread 0x00000285b981ee70 nmethod 2378 0x00000285a1f4c290 code [0x00000285a1f4c640, 0x00000285a1f4de28]
Event: 2.523 Thread 0x00000285b981ee70 2381       1       java.util.zip.ZipEntry::getName (5 bytes)
Event: 2.523 Thread 0x00000285b981ee70 nmethod 2381 0x00000285a9640990 code [0x00000285a9640b20, 0x00000285a9640bd8]
Event: 2.525 Thread 0x00000285b99ac0b0 nmethod 2380 0x00000285a9640c90 code [0x00000285a9640e20, 0x00000285a9641038]
Event: 2.529 Thread 0x00000285b981c420 nmethod 2379 0x00000285a9641210 code [0x00000285a96413a0, 0x00000285a9641798]
Event: 2.533 Thread 0x00000285b981ee70 2382       3       java.lang.invoke.InfoFromMemberName::getModifiers (8 bytes)
Event: 2.533 Thread 0x00000285b981ee70 nmethod 2382 0x00000285a1f4e890 code [0x00000285a1f4ea40, 0x00000285a1f4ebb8]
Event: 2.536 Thread 0x00000285b981ee70 2383       3       java.lang.invoke.DirectMethodHandle$Holder::newInvokeSpecial (21 bytes)
Event: 2.536 Thread 0x00000285b981ee70 nmethod 2383 0x00000285a1f4ec90 code [0x00000285a1f4ee80, 0x00000285a1f4f3a8]

GC Heap History (9 events):
Event: 0.712 GC heap before
{Heap before GC invocations=0 (full 0):
 garbage-first heap   total 65536K, used 16384K [0x00000000c1800000, 0x0000000100000000)
  region size 1024K, 13 young (13312K), 0 survivors (0K)
 Metaspace       used 8356K, committed 8448K, reserved 1114112K
  class space    used 689K, committed 704K, reserved 1048576K
}
Event: 0.718 GC heap after
{Heap after GC invocations=1 (full 0):
 garbage-first heap   total 65536K, used 10962K [0x00000000c1800000, 0x0000000100000000)
  region size 1024K, 2 young (2048K), 2 survivors (2048K)
 Metaspace       used 8356K, committed 8448K, reserved 1114112K
  class space    used 689K, committed 704K, reserved 1048576K
}
Event: 1.295 GC heap before
{Heap before GC invocations=1 (full 0):
 garbage-first heap   total 65536K, used 21202K [0x00000000c1800000, 0x0000000100000000)
  region size 1024K, 12 young (12288K), 2 survivors (2048K)
 Metaspace       used 14427K, committed 14656K, reserved 1114112K
  class space    used 1350K, committed 1472K, reserved 1048576K
}
Event: 1.299 GC heap after
{Heap after GC invocations=2 (full 0):
 garbage-first heap   total 65536K, used 12204K [0x00000000c1800000, 0x0000000100000000)
  region size 1024K, 2 young (2048K), 2 survivors (2048K)
 Metaspace       used 14427K, committed 14656K, reserved 1114112K
  class space    used 1350K, committed 1472K, reserved 1048576K
}
Event: 1.854 GC heap before
{Heap before GC invocations=2 (full 0):
 garbage-first heap   total 65536K, used 30636K [0x00000000c1800000, 0x0000000100000000)
  region size 1024K, 20 young (20480K), 2 survivors (2048K)
 Metaspace       used 19708K, committed 19968K, reserved 1114112K
  class space    used 1925K, committed 2048K, reserved 1048576K
}
Event: 1.861 GC heap after
{Heap after GC invocations=3 (full 0):
 garbage-first heap   total 65536K, used 14901K [0x00000000c1800000, 0x0000000100000000)
  region size 1024K, 3 young (3072K), 3 survivors (3072K)
 Metaspace       used 19708K, committed 19968K, reserved 1114112K
  class space    used 1925K, committed 2048K, reserved 1048576K
}
Event: 2.072 GC heap before
{Heap before GC invocations=3 (full 0):
 garbage-first heap   total 65536K, used 18997K [0x00000000c1800000, 0x0000000100000000)
  region size 1024K, 8 young (8192K), 3 survivors (3072K)
 Metaspace       used 21152K, committed 21504K, reserved 1114112K
  class space    used 2035K, committed 2240K, reserved 1048576K
}
Event: 2.081 GC heap after
{Heap after GC invocations=4 (full 0):
 garbage-first heap   total 65536K, used 17248K [0x00000000c1800000, 0x0000000100000000)
  region size 1024K, 3 young (3072K), 3 survivors (3072K)
 Metaspace       used 21152K, committed 21504K, reserved 1114112K
  class space    used 2035K, committed 2240K, reserved 1048576K
}
Event: 2.545 GC heap before
{Heap before GC invocations=5 (full 0):
 garbage-first heap   total 65536K, used 38752K [0x00000000c1800000, 0x0000000100000000)
  region size 1024K, 24 young (24576K), 3 survivors (3072K)
 Metaspace       used 23209K, committed 23552K, reserved 1114112K
  class space    used 2274K, committed 2432K, reserved 1048576K
}

Dll operation events (8 events):
Event: 0.008 Loaded shared library C:\Users\INDIAN\.p2\pool\plugins\org.eclipse.justj.openjdk.hotspot.jre.full.win32.x86_64_19.0.2.v20230129-1123\jre\bin\java.dll
Event: 0.015 Loaded shared library C:\Users\INDIAN\.p2\pool\plugins\org.eclipse.justj.openjdk.hotspot.jre.full.win32.x86_64_19.0.2.v20230129-1123\jre\bin\zip.dll
Event: 0.226 Loaded shared library C:\Users\INDIAN\.p2\pool\plugins\org.eclipse.justj.openjdk.hotspot.jre.full.win32.x86_64_19.0.2.v20230129-1123\jre\bin\net.dll
Event: 0.228 Loaded shared library C:\Users\INDIAN\.p2\pool\plugins\org.eclipse.justj.openjdk.hotspot.jre.full.win32.x86_64_19.0.2.v20230129-1123\jre\bin\nio.dll
Event: 0.237 Loaded shared library C:\Users\INDIAN\.p2\pool\plugins\org.eclipse.justj.openjdk.hotspot.jre.full.win32.x86_64_19.0.2.v20230129-1123\jre\bin\zip.dll
Event: 0.494 Loaded shared library C:\Users\INDIAN\.p2\pool\plugins\org.eclipse.justj.openjdk.hotspot.jre.full.win32.x86_64_19.0.2.v20230129-1123\jre\bin\jimage.dll
Event: 0.643 Loaded shared library C:\Users\INDIAN\.p2\pool\plugins\org.eclipse.justj.openjdk.hotspot.jre.full.win32.x86_64_19.0.2.v20230129-1123\jre\bin\verify.dll
Event: 0.826 Loaded shared library C:\Users\INDIAN\.p2\pool\plugins\org.eclipse.justj.openjdk.hotspot.jre.full.win32.x86_64_19.0.2.v20230129-1123\jre\bin\extnet.dll

Deoptimization events (20 events):
Event: 2.068 Thread 0x000002859e1939f0 DEOPT PACKING pc=0x00000285a960e170 sp=0x000000b57fafd6c0
Event: 2.068 Thread 0x000002859e1939f0 DEOPT UNPACKING pc=0x00000285a9026da3 sp=0x000000b57fafd658 mode 2
Event: 2.223 Thread 0x000002859e1939f0 DEOPT PACKING pc=0x00000285a1df2a3a sp=0x000000b57fafd530
Event: 2.223 Thread 0x000002859e1939f0 DEOPT UNPACKING pc=0x00000285a9027543 sp=0x000000b57fafca40 mode 0
Event: 2.299 Thread 0x000002859e1939f0 DEOPT PACKING pc=0x00000285a1df2a5b sp=0x000000b57fafd4d0
Event: 2.299 Thread 0x000002859e1939f0 DEOPT UNPACKING pc=0x00000285a9027543 sp=0x000000b57fafc9e0 mode 0
Event: 2.334 Thread 0x000002859e1939f0 DEOPT PACKING pc=0x00000285a1df2a5b sp=0x000000b57fafd930
Event: 2.334 Thread 0x000002859e1939f0 DEOPT UNPACKING pc=0x00000285a9027543 sp=0x000000b57fafce40 mode 0
Event: 2.335 Thread 0x000002859e1939f0 Uncommon trap: trap_request=0xffffffcc fr.pc=0x00000285a96309bc relative=0x000000000000031c
Event: 2.335 Thread 0x000002859e1939f0 Uncommon trap: reason=intrinsic_or_type_checked_inlining action=make_not_entrant pc=0x00000285a96309bc method=java.util.Arrays.copyOf([Ljava/lang/Object;ILjava/lang/Class;)[Ljava/lang/Object; @ 35 c2
Event: 2.335 Thread 0x000002859e1939f0 DEOPT PACKING pc=0x00000285a96309bc sp=0x000000b57fafddb0
Event: 2.335 Thread 0x000002859e1939f0 DEOPT UNPACKING pc=0x00000285a9026da3 sp=0x000000b57fafdd40 mode 2
Event: 2.495 Thread 0x000002859e1939f0 Uncommon trap: trap_request=0xffffff45 fr.pc=0x00000285a9602090 relative=0x0000000000000890
Event: 2.495 Thread 0x000002859e1939f0 Uncommon trap: reason=unstable_if action=reinterpret pc=0x00000285a9602090 method=java.io.BufferedReader.implReadLine(Z[Z)Ljava/lang/String; @ 55 c2
Event: 2.495 Thread 0x000002859e1939f0 DEOPT PACKING pc=0x00000285a9602090 sp=0x000000b57fafcc80
Event: 2.495 Thread 0x000002859e1939f0 DEOPT UNPACKING pc=0x00000285a9026da3 sp=0x000000b57fafcc28 mode 2
Event: 2.533 Thread 0x000002859e1939f0 Uncommon trap: trap_request=0xffffff45 fr.pc=0x00000285a96174b8 relative=0x0000000000000378
Event: 2.533 Thread 0x000002859e1939f0 Uncommon trap: reason=unstable_if action=reinterpret pc=0x00000285a96174b8 method=java.lang.Integer.parseInt(Ljava/lang/String;I)I @ 119 c2
Event: 2.533 Thread 0x000002859e1939f0 DEOPT PACKING pc=0x00000285a96174b8 sp=0x000000b57fafd760
Event: 2.533 Thread 0x000002859e1939f0 DEOPT UNPACKING pc=0x00000285a9026da3 sp=0x000000b57fafd6c8 mode 2

Classes loaded (20 events):
Event: 2.419 Loading class java/util/logging/Logger$SystemLoggerHelper$1
Event: 2.419 Loading class java/util/logging/Logger$SystemLoggerHelper$1 done
Event: 2.421 Loading class java/lang/IllegalThreadStateException
Event: 2.421 Loading class java/lang/IllegalThreadStateException done
Event: 2.457 Loading class java/net/ServerSocket
Event: 2.457 Loading class java/net/ServerSocket done
Event: 2.459 Loading class java/lang/ProcessEnvironment$CheckedKeySet
Event: 2.459 Loading class java/lang/ProcessEnvironment$CheckedKeySet done
Event: 2.463 Loading class java/util/concurrent/Executors
Event: 2.463 Loading class java/util/concurrent/Executors done
Event: 2.463 Loading class java/util/concurrent/ThreadPoolExecutor
Event: 2.464 Loading class java/util/concurrent/ThreadPoolExecutor done
Event: 2.464 Loading class java/util/concurrent/ThreadPoolExecutor$AbortPolicy
Event: 2.464 Loading class java/util/concurrent/RejectedExecutionHandler
Event: 2.464 Loading class java/util/concurrent/RejectedExecutionHandler done
Event: 2.464 Loading class java/util/concurrent/ThreadPoolExecutor$AbortPolicy done
Event: 2.474 Loading class java/io/InvalidObjectException
Event: 2.474 Loading class java/io/ObjectStreamException
Event: 2.474 Loading class java/io/ObjectStreamException done
Event: 2.474 Loading class java/io/InvalidObjectException done

Classes unloaded (0 events):
No events

Classes redefined (0 events):
No events

Internal exceptions (20 events):
Event: 1.231 Thread 0x000002859e1939f0 Exception <a 'java/lang/IncompatibleClassChangeError'{0x00000000c4fba640}: Found class java.lang.Object, but interface was expected> (0x00000000c4fba640) 
thrown [s\src\hotspot\share\interpreter\linkResolver.cpp, line 841]
Event: 1.238 Thread 0x000002859e1939f0 Exception <a 'java/lang/NoSuchMethodError'{0x00000000c4fe0018}: 'java.lang.Object java.lang.invoke.DirectMethodHandle$Holder.newInvokeSpecial(java.lang.Object, java.lang.Object, java.lang.Object, java.lang.Object, java.lang.Object, java.lang.Object, java.lang.Object, java.lang.Object, java.lang.Object)'> (0x00000000c4fe0018) 
thrown [s\src\hotspot\share\interpreter\linkResolver.cpp, line 774]
Event: 1.252 Thread 0x000002859e1939f0 Exception <a 'java/lang/NoSuchMethodError'{0x00000000c4e2a0f8}: 'java.lang.Object java.lang.invoke.DirectMethodHandle$Holder.newInvokeSpecial(java.lang.Object, java.lang.Object, java.lang.Object, java.lang.Object, java.lang.Object, java.lang.Object, java.lang.Object)'> (0x00000000c4e2a0f8) 
thrown [s\src\hotspot\share\interpreter\linkResolver.cpp, line 774]
Event: 1.254 Thread 0x000002859e1939f0 Exception <a 'java/lang/NoSuchMethodError'{0x00000000c4e354c8}: 'void java.lang.invoke.DirectMethodHandle$Holder.invokeStatic(java.lang.Object, java.lang.Object, java.lang.Object, java.lang.Object)'> (0x00000000c4e354c8) 
thrown [s\src\hotspot\share\interpreter\linkResolver.cpp, line 774]
Event: 1.273 Thread 0x000002859e1939f0 Exception <a 'java/lang/NoSuchMethodError'{0x00000000c4e93800}: 'java.lang.Object java.lang.invoke.DirectMethodHandle$Holder.newInvokeSpecial(java.lang.Object, java.lang.Object, java.lang.Object, java.lang.Object, java.lang.Object)'> (0x00000000c4e93800) 
thrown [s\src\hotspot\share\interpreter\linkResolver.cpp, line 774]
Event: 1.304 Thread 0x000002859e1939f0 Exception <a 'java/lang/IncompatibleClassChangeError'{0x00000000c572d408}: Found class java.lang.Object, but interface was expected> (0x00000000c572d408) 
thrown [s\src\hotspot\share\interpreter\linkResolver.cpp, line 841]
Event: 1.322 Thread 0x000002859e1939f0 Exception <a 'java/lang/NoSuchMethodError'{0x00000000c57cd538}: 'java.lang.Object java.lang.invoke.Invokers$Holder.linkToTargetMethod(java.lang.Object, long, java.lang.Object)'> (0x00000000c57cd538) 
thrown [s\src\hotspot\share\interpreter\linkResolver.cpp, line 774]
Event: 1.346 Thread 0x000002859e1939f0 Exception <a 'java/lang/NoSuchMethodError'{0x00000000c565a870}: 'java.lang.Object java.lang.invoke.DirectMethodHandle$Holder.newInvokeSpecial(java.lang.Object, int, java.lang.Object)'> (0x00000000c565a870) 
thrown [s\src\hotspot\share\interpreter\linkResolver.cpp, line 774]
Event: 1.359 Thread 0x000002859e1939f0 Exception <a 'java/lang/NoSuchMethodError'{0x00000000c56a54c0}: 'java.lang.Object java.lang.invoke.DirectMethodHandle$Holder.invokeStatic(java.lang.Object, java.lang.Object, java.lang.Object, int, java.lang.Object, java.lang.Object)'> (0x00000000c56a54c0) 
thrown [s\src\hotspot\share\interpreter\linkResolver.cpp, line 774]
Event: 1.360 Thread 0x000002859e1939f0 Exception <a 'java/lang/NoSuchMethodError'{0x00000000c56ad548}: 'java.lang.Object java.lang.invoke.DirectMethodHandle$Holder.newInvokeSpecial(java.lang.Object, java.lang.Object, java.lang.Object, int, java.lang.Object)'> (0x00000000c56ad548) 
thrown [s\src\hotspot\share\interpreter\linkResolver.cpp, line 774]
Event: 1.361 Thread 0x000002859e1939f0 Exception <a 'java/lang/NoSuchMethodError'{0x00000000c56b4f38}: 'java.lang.Object java.lang.invoke.Invokers$Holder.linkToTargetMethod(java.lang.Object, java.lang.Object, int, java.lang.Object, java.lang.Object)'> (0x00000000c56b4f38) 
thrown [s\src\hotspot\share\interpreter\linkResolver.cpp, line 774]
Event: 1.372 Thread 0x000002859e1939f0 Exception <a 'java/lang/NoSuchMethodError'{0x00000000c56ef2b0}: 'void java.lang.invoke.DirectMethodHandle$Holder.invokeStatic(java.lang.Object, java.lang.Object, java.lang.Object)'> (0x00000000c56ef2b0) 
thrown [s\src\hotspot\share\interpreter\linkResolver.cpp, line 774]
Event: 1.422 Thread 0x000002859e1939f0 Exception <a 'java/lang/NoSuchMethodError'{0x00000000c5453958}: 'void java.lang.invoke.DirectMethodHandle$Holder.invokeInterface(java.lang.Object, java.lang.Object)'> (0x00000000c5453958) 
thrown [s\src\hotspot\share\interpreter\linkResolver.cpp, line 774]
Event: 1.442 Thread 0x000002859e1939f0 Exception <a 'java/lang/NoSuchMethodError'{0x00000000c54e9fe0}: 'void java.lang.invoke.DirectMethodHandle$Holder.invokeVirtual(java.lang.Object, java.lang.Object)'> (0x00000000c54e9fe0) 
thrown [s\src\hotspot\share\interpreter\linkResolver.cpp, line 774]
Event: 1.666 Thread 0x000002859e1939f0 Exception <a 'sun/nio/fs/WindowsException'{0x00000000c486f540}> (0x00000000c486f540) 
thrown [s\src\hotspot\share\prims\jni.cpp, line 517]
Event: 1.685 Thread 0x000002859e1939f0 Exception <a 'java/lang/NoSuchMethodError'{0x00000000c4893238}: 'java.lang.Object java.lang.invoke.DirectMethodHandle$Holder.invokeStaticInit(java.lang.Object)'> (0x00000000c4893238) 
thrown [s\src\hotspot\share\interpreter\linkResolver.cpp, line 774]
Event: 1.888 Thread 0x000002859e1939f0 Exception <a 'java/lang/NoSuchMethodError'{0x00000000c57ee660}: 'java.lang.Object java.lang.invoke.DirectMethodHandle$Holder.invokeVirtual(java.lang.Object, java.lang.Object, java.lang.Object)'> (0x00000000c57ee660) 
thrown [s\src\hotspot\share\interpreter\linkResolver.cpp, line 774]
Event: 2.355 Thread 0x000002859e1939f0 Exception <a 'java/lang/NoSuchMethodError'{0x00000000c441aa90}: 'java.lang.Object java.lang.invoke.DirectMethodHandle$Holder.newInvokeSpecial(java.lang.Object, java.lang.Object, int)'> (0x00000000c441aa90) 
thrown [s\src\hotspot\share\interpreter\linkResolver.cpp, line 774]
Event: 2.355 Thread 0x000002859e1939f0 Exception <a 'java/lang/IncompatibleClassChangeError'{0x00000000c441e678}: Found class java.lang.Object, but interface was expected> (0x00000000c441e678) 
thrown [s\src\hotspot\share\interpreter\linkResolver.cpp, line 841]
Event: 2.514 Thread 0x000002859e1939f0 Exception <a 'java/lang/NoSuchMethodError'{0x00000000c41dcfb0}: 'void java.lang.invoke.DirectMethodHandle$Holder.invokeStaticInit(java.lang.Object, java.lang.Object)'> (0x00000000c41dcfb0) 
thrown [s\src\hotspot\share\interpreter\linkResolver.cpp, line 774]

VM Operations (20 events):
Event: 1.502 Executing VM operation: HandshakeAllThreads done
Event: 1.544 Executing VM operation: HandshakeAllThreads
Event: 1.544 Executing VM operation: HandshakeAllThreads done
Event: 1.669 Executing VM operation: HandshakeAllThreads
Event: 1.669 Executing VM operation: HandshakeAllThreads done
Event: 1.854 Executing VM operation: G1CollectForAllocation
Event: 1.861 Executing VM operation: G1CollectForAllocation done
Event: 1.872 Executing VM operation: HandshakeAllThreads
Event: 1.872 Executing VM operation: HandshakeAllThreads done
Event: 1.958 Executing VM operation: HandshakeAllThreads
Event: 1.958 Executing VM operation: HandshakeAllThreads done
Event: 2.028 Executing VM operation: HandshakeAllThreads
Event: 2.028 Executing VM operation: HandshakeAllThreads done
Event: 2.072 Executing VM operation: CollectForMetadataAllocation
Event: 2.081 Executing VM operation: CollectForMetadataAllocation done
Event: 2.096 Executing VM operation: G1PauseRemark
Event: 2.099 Executing VM operation: G1PauseRemark done
Event: 2.106 Executing VM operation: G1PauseCleanup
Event: 2.106 Executing VM operation: G1PauseCleanup done
Event: 2.544 Executing VM operation: G1CollectForAllocation

Events (15 events):
Event: 0.052 Thread 0x000002859e1939f0 Thread added: 0x000002859e1939f0
Event: 0.083 Thread 0x00000285b54ea670 Thread added: 0x00000285b54ea670
Event: 0.083 Thread 0x00000285b54ee260 Thread added: 0x00000285b54ee260
Event: 0.085 Thread 0x00000285b9830500 Thread added: 0x00000285b9830500
Event: 0.085 Thread 0x00000285b9812bd0 Thread added: 0x00000285b9812bd0
Event: 0.085 Thread 0x00000285b98160d0 Thread added: 0x00000285b98160d0
Event: 0.085 Thread 0x00000285b9817700 Thread added: 0x00000285b9817700
Event: 0.085 Thread 0x00000285b981c420 Thread added: 0x00000285b981c420
Event: 0.085 Thread 0x00000285b981ee70 Thread added: 0x00000285b981ee70
Event: 0.085 Thread 0x00000285b9824bb0 Thread added: 0x00000285b9824bb0
Event: 0.207 Thread 0x00000285b98bba20 Thread added: 0x00000285b98bba20
Event: 0.216 Thread 0x00000285b99be010 Thread added: 0x00000285b99be010
Event: 0.285 Thread 0x00000285b99ac0b0 Thread added: 0x00000285b99ac0b0
Event: 0.836 Thread 0x00000285ba05ef10 Thread added: 0x00000285ba05ef10
Event: 2.497 Thread 0x00000285bae51430 Thread added: 0x00000285bae51430


Dynamic libraries:
0x00007ff6263d0000 - 0x00007ff6263de000 	C:\Users\INDIAN\.p2\pool\plugins\org.eclipse.justj.openjdk.hotspot.jre.full.win32.x86_64_19.0.2.v20230129-1123\jre\bin\javaw.exe
0x00007ffd6b8b0000 - 0x00007ffd6ba8b000 	C:\Windows\SYSTEM32\ntdll.dll
0x00007ffd6a710000 - 0x00007ffd6a7be000 	C:\Windows\System32\KERNEL32.DLL
0x00007ffd67dd0000 - 0x00007ffd68019000 	C:\Windows\System32\KERNELBASE.dll
0x00007ffd68530000 - 0x00007ffd68626000 	C:\Windows\System32\ucrtbase.dll
0x00007ffd61240000 - 0x00007ffd61259000 	C:\Users\INDIAN\.p2\pool\plugins\org.eclipse.justj.openjdk.hotspot.jre.full.win32.x86_64_19.0.2.v20230129-1123\jre\bin\VCRUNTIME140.dll
0x00007ffd5a6e0000 - 0x00007ffd5a6f7000 	C:\Users\INDIAN\.p2\pool\plugins\org.eclipse.justj.openjdk.hotspot.jre.full.win32.x86_64_19.0.2.v20230129-1123\jre\bin\jli.dll
0x00007ffd6a5a0000 - 0x00007ffd6a6ea000 	C:\Windows\System32\USER32.dll
0x00007ffd68d30000 - 0x00007ffd68d4e000 	C:\Windows\System32\win32u.dll
0x00007ffd56a80000 - 0x00007ffd56ce7000 	C:\Windows\WinSxS\amd64_microsoft.windows.common-controls_6595b64144ccf1df_6.0.15063.483_none_26002d27e7c744a2\COMCTL32.dll
0x00007ffd6b3b0000 - 0x00007ffd6b3d7000 	C:\Windows\System32\GDI32.dll
0x00007ffd6a880000 - 0x00007ffd6a91d000 	C:\Windows\System32\msvcrt.dll
0x00007ffd68080000 - 0x00007ffd68208000 	C:\Windows\System32\gdi32full.dll
0x00007ffd6b550000 - 0x00007ffd6b849000 	C:\Windows\System32\combase.dll
0x00007ffd68490000 - 0x00007ffd6852a000 	C:\Windows\System32\msvcp_win.dll
0x00007ffd6aec0000 - 0x00007ffd6afe5000 	C:\Windows\System32\RPCRT4.dll
0x00007ffd68d50000 - 0x00007ffd68dba000 	C:\Windows\System32\bcryptPrimitives.dll
0x00007ffd6b110000 - 0x00007ffd6b13d000 	C:\Windows\System32\IMM32.DLL
0x00007ffd65f80000 - 0x00007ffd65f8c000 	C:\Users\INDIAN\.p2\pool\plugins\org.eclipse.justj.openjdk.hotspot.jre.full.win32.x86_64_19.0.2.v20230129-1123\jre\bin\vcruntime140_1.dll
0x00007ffd57650000 - 0x00007ffd576e1000 	C:\Users\INDIAN\.p2\pool\plugins\org.eclipse.justj.openjdk.hotspot.jre.full.win32.x86_64_19.0.2.v20230129-1123\jre\bin\msvcp140.dll
0x00007ffd1c420000 - 0x00007ffd1d111000 	C:\Users\INDIAN\.p2\pool\plugins\org.eclipse.justj.openjdk.hotspot.jre.full.win32.x86_64_19.0.2.v20230129-1123\jre\bin\server\jvm.dll
0x00007ffd6b1e0000 - 0x00007ffd6b281000 	C:\Windows\System32\ADVAPI32.dll
0x00007ffd6b350000 - 0x00007ffd6b3a9000 	C:\Windows\System32\sechost.dll
0x00007ffd640f0000 - 0x00007ffd640f9000 	C:\Windows\SYSTEM32\WSOCK32.dll
0x00007ffd6a4d0000 - 0x00007ffd6a53c000 	C:\Windows\System32\WS2_32.dll
0x00007ffd56f40000 - 0x00007ffd56f4a000 	C:\Windows\SYSTEM32\VERSION.dll
0x00007ffd66290000 - 0x00007ffd662b3000 	C:\Windows\SYSTEM32\WINMM.dll
0x00007ffd661b0000 - 0x00007ffd661db000 	C:\Windows\SYSTEM32\WINMMBASE.dll
0x00007ffd68dc0000 - 0x00007ffd68e09000 	C:\Windows\System32\cfgmgr32.dll
0x00007ffd67d90000 - 0x00007ffd67da1000 	C:\Windows\System32\kernel.appcore.dll
0x00007ffd65f40000 - 0x00007ffd65f4a000 	C:\Users\INDIAN\.p2\pool\plugins\org.eclipse.justj.openjdk.hotspot.jre.full.win32.x86_64_19.0.2.v20230129-1123\jre\bin\jimage.dll
0x00007ffd591c0000 - 0x00007ffd59369000 	C:\Windows\SYSTEM32\DBGHELP.DLL
0x00007ffd58f60000 - 0x00007ffd58f89000 	C:\Windows\SYSTEM32\dbgcore.DLL
0x00007ffd58040000 - 0x00007ffd58066000 	C:\Users\INDIAN\.p2\pool\plugins\org.eclipse.justj.openjdk.hotspot.jre.full.win32.x86_64_19.0.2.v20230129-1123\jre\bin\java.dll
0x00007ffd59b10000 - 0x00007ffd59b28000 	C:\Users\INDIAN\.p2\pool\plugins\org.eclipse.justj.openjdk.hotspot.jre.full.win32.x86_64_19.0.2.v20230129-1123\jre\bin\zip.dll
0x00007ffd68e10000 - 0x00007ffd6a247000 	C:\Windows\System32\SHELL32.dll
0x00007ffd6b290000 - 0x00007ffd6b33a000 	C:\Windows\System32\shcore.dll
0x00007ffd68630000 - 0x00007ffd68d23000 	C:\Windows\System32\windows.storage.dll
0x00007ffd6a470000 - 0x00007ffd6a4c1000 	C:\Windows\System32\shlwapi.dll
0x00007ffd67d40000 - 0x00007ffd67d8c000 	C:\Windows\System32\powrprof.dll
0x00007ffd67db0000 - 0x00007ffd67dc5000 	C:\Windows\System32\profapi.dll
0x00007ffd58020000 - 0x00007ffd58033000 	C:\Users\INDIAN\.p2\pool\plugins\org.eclipse.justj.openjdk.hotspot.jre.full.win32.x86_64_19.0.2.v20230129-1123\jre\bin\net.dll
0x00007ffd5b690000 - 0x00007ffd5b767000 	C:\Windows\SYSTEM32\WINHTTP.dll
0x00007ffd675d0000 - 0x00007ffd6762c000 	C:\Windows\system32\mswsock.dll
0x00007ffd57cd0000 - 0x00007ffd57ce6000 	C:\Users\INDIAN\.p2\pool\plugins\org.eclipse.justj.openjdk.hotspot.jre.full.win32.x86_64_19.0.2.v20230129-1123\jre\bin\nio.dll
0x00007ffd65ef0000 - 0x00007ffd65f00000 	C:\Users\INDIAN\.p2\pool\plugins\org.eclipse.justj.openjdk.hotspot.jre.full.win32.x86_64_19.0.2.v20230129-1123\jre\bin\verify.dll
0x00007ffd673b0000 - 0x00007ffd67454000 	C:\Windows\SYSTEM32\DNSAPI.dll
0x00007ffd6aeb0000 - 0x00007ffd6aeb8000 	C:\Windows\System32\NSI.dll
0x00007ffd67370000 - 0x00007ffd673a7000 	C:\Windows\SYSTEM32\IPHLPAPI.DLL
0x00007ffd5c220000 - 0x00007ffd5c22a000 	C:\Windows\System32\rasadhlp.dll
0x00007ffd5fd50000 - 0x00007ffd5fdbb000 	C:\Windows\System32\fwpuclnt.dll
0x00007ffd67bf0000 - 0x00007ffd67c15000 	C:\Windows\SYSTEM32\bcrypt.dll
0x00007ffd640e0000 - 0x00007ffd640e8000 	C:\Users\INDIAN\.p2\pool\plugins\org.eclipse.justj.openjdk.hotspot.jre.full.win32.x86_64_19.0.2.v20230129-1123\jre\bin\extnet.dll
0x00007ffd67780000 - 0x00007ffd67797000 	C:\Windows\SYSTEM32\CRYPTSP.dll
0x00007ffd671f0000 - 0x00007ffd67224000 	C:\Windows\system32\rsaenh.dll
0x00007ffd67c20000 - 0x00007ffd67c49000 	C:\Windows\SYSTEM32\USERENV.dll
0x00007ffd67770000 - 0x00007ffd6777b000 	C:\Windows\SYSTEM32\CRYPTBASE.dll
0x00007ffd629b0000 - 0x00007ffd629c6000 	C:\Windows\SYSTEM32\dhcpcsvc6.DLL
0x00007ffd631b0000 - 0x00007ffd631ca000 	C:\Windows\SYSTEM32\dhcpcsvc.DLL

dbghelp: loaded successfully - version: 4.0.5 - missing functions: none
symbol engine: initialized successfully - sym options: 0x614 - pdb path: .;C:\Users\INDIAN\.p2\pool\plugins\org.eclipse.justj.openjdk.hotspot.jre.full.win32.x86_64_19.0.2.v20230129-1123\jre\bin;C:\Windows\SYSTEM32;C:\Windows\WinSxS\amd64_microsoft.windows.common-controls_6595b64144ccf1df_6.0.15063.483_none_26002d27e7c744a2;C:\Users\INDIAN\.p2\pool\plugins\org.eclipse.justj.openjdk.hotspot.jre.full.win32.x86_64_19.0.2.v20230129-1123\jre\bin\server

VM Arguments:
jvm_args: -ea -Dfile.encoding=windows-1252 -XX:+ShowCodeDetailsInExceptionMessages 
java_command: org.testng.remote.RemoteTestNG -serport 51359 -protocol json -d C:\Users\INDIAN\git\medsol2\test-output C:\Users\INDIAN\git\medsol2\testng.xml
java_class_path (initial): C:\Users\INDIAN\eclipse\java-2023-035\eclipse\configuration\org.eclipse.osgi\451\0\.cp\lib\testng-remote.jar;C:\Users\INDIAN\git\medsol2\target\test-classes;C:\Users\INDIAN\git\medsol2\target\classes;C:\Users\INDIAN\.m2\repository\junit\junit\4.11\junit-4.11.jar;C:\Users\INDIAN\.m2\repository\org\hamcrest\hamcrest-core\1.3\hamcrest-core-1.3.jar;C:\Users\INDIAN\.m2\repository\org\seleniumhq\selenium\selenium-java\4.7.2\selenium-java-4.7.2.jar;C:\Users\INDIAN\.m2\repository\org\seleniumhq\selenium\selenium-api\4.7.2\selenium-api-4.7.2.jar;C:\Users\INDIAN\.m2\repository\org\seleniumhq\selenium\selenium-chrome-driver\4.7.2\selenium-chrome-driver-4.7.2.jar;C:\Users\INDIAN\.m2\repository\com\google\auto\service\auto-service-annotations\1.0.1\auto-service-annotations-1.0.1.jar;C:\Users\INDIAN\.m2\repository\com\google\auto\service\auto-service\1.0.1\auto-service-1.0.1.jar;C:\Users\INDIAN\.m2\repository\com\google\auto\auto-common\1.2\auto-common-1.2.jar;C:\Users\INDIAN\.m2\repository\com\google\guava\guava\31.1-jre\guava-31.1-jre.jar;C:\Users\INDIAN\.m2\repository\com\google\guava\failureaccess\1.0.1\failureaccess-1.0.1.jar;C:\Users\INDIAN\.m2\repository\com\google\guava\listenablefuture\9999.0-empty-to-avoid-conflict-with-guava\listenablefuture-9999.0-empty-to-avoid-conflict-with-guava.jar;C:\Users\INDIAN\.m2\repository\com\google\code\findbugs\jsr305\3.0.2\jsr305-3.0.2.jar;C:\Users\INDIAN\.m2\repository\org\checkerframework\checker-qual\3.12.0\checker-qual-3.12.0.jar;C:\Users\INDIAN\.m2\repository\com\google\errorprone\error_prone_annotations\2.11.0\error_prone_annotations-2.11.0.jar;C:\Users\INDIAN\.m2\repository\com\google\j2objc\j2objc-annotations\1.3\j2objc-annotations-1.3.jar;C:\Users\INDIAN\.m2\repository\org\seleniumhq\selenium\selenium-chromium-driver\4.7.2\selenium-chromium-driver-4.7.2.jar;C:\Users\INDIAN\.m2\repository\org\seleniumhq\selenium\selenium-json\4.7.2\selenium-json-4.7.2.jar;C:\Users\INDIAN\.m2\repository\org\seleniumhq\selenium\selenium-devtools-v106\4.7.2\selenium-devtools-v106-4.7.2.jar;C:\Users\INDIAN\.m2\repository\org\seleniumhq\selenium\selenium-devtools-v107\4.7.2\selenium-devtools-v107-4.7.2.jar;C:\Users\INDIAN\.m2\repository\org\seleniumhq\selenium\selenium-devtools-v108\4.7.2\selenium-devtools-v108-4.7.2.jar;C:\Users\INDIAN\.m2\repository\org\seleniumhq\selenium\selenium-devtools-v85\4.7.2\selenium-devtools-v85-4.7.2.jar;C:\Users\INDIAN\.m2\repository\org\seleniumhq\selenium\selenium-edge-driver\4.7.2\selenium-edge-driver-4.7.2.jar;C:\Users\INDIAN\.m2\repository\org\seleniumhq\selenium\selenium-firefox-driver\4.7.2\selenium-firefox-driver-4.7.2.jar;C:\Users\INDIAN\.m2\repository\org\seleniumhq\selenium\selenium-http\4.7.2\selenium-http-4.7.2.jar;C:\Users\INDIAN\.m2\repository\dev\failsafe\failsafe\3.3.0\failsafe-3.3.0.jar;C:\Users\INDIAN\.m2\repository\org\seleniumhq\selenium\selenium-ie-driver\4.7.2\selenium-ie-driver-4.7.2.jar;C:\Users\INDIAN\.m2\repository\org\seleniumhq\selenium\selenium-remote-driver\4.7.2\selenium-remote-driver-4.7.2.jar;C:\Users\INDIAN\.m2\repository\io\netty\netty-buffer\4.1.84.Final\netty-buffer-4.1.84.Final.jar;C:\Users\INDIAN\.m2\repository\io\netty\netty-codec-http\4.1.84.Final\netty-codec-http-4.1.84.Final.jar;C:\Users\INDIAN\.m2\repository\io\netty\netty-codec\4.1.84.Final\netty-codec-4.1.84.Final.jar;C:\Users\INDIAN\.m2\repository\io\netty\netty-handler\4.1.84.Final\netty-handler-4.1.84.Final.jar;C:\Users\INDIAN\.m2\repository\io\netty\netty-common\4.1.84.Final\netty-common-4.1.84.Final.jar;C:\Users\INDIAN\.m2\repository\io\netty\netty-transport-classes-epoll\4.1.84.Final\netty-transport-classes-epoll-4.1.84.Final.jar;C:\Users\INDIAN\.m2\repository\io\netty\netty-transport-classes-kqueue\4.1.84.Final\netty-transport-classes-kqueue-4.1.84.Final.jar;C:\Users\INDIAN\.m2\repository\io\netty\netty-transport-native-epoll\4.1.84.Final\netty-transport-native-epoll-4.1.84.Final.jar;C:\Users\INDIAN\.m2\repository\io\netty\netty-transport-native-kqueue\4.1.84.Final\netty-transport-native-kqueue-4.1.84.Final.jar;C:\Users\INDIAN\.m2\repository\io\netty\netty-transport-native-unix-common\4.1.84.Final\netty-transport-native-unix-common-4.1.84.Final.jar;C:\Users\INDIAN\.m2\repository\io\netty\netty-transport\4.1.84.Final\netty-transport-4.1.84.Final.jar;C:\Users\INDIAN\.m2\repository\io\netty\netty-resolver\4.1.84.Final\netty-resolver-4.1.84.Final.jar;C:\Users\INDIAN\.m2\repository\io\opentelemetry\opentelemetry-api\1.19.0\opentelemetry-api-1.19.0.jar;C:\Users\INDIAN\.m2\repository\io\opentelemetry\opentelemetry-context\1.19.0\opentelemetry-context-1.19.0.jar;C:\Users\INDIAN\.m2\repository\io\opentelemetry\opentelemetry-exporter-logging\1.19.0\opentelemetry-exporter-logging-1.19.0.jar;C:\Users\INDIAN\.m2\repository\io\opentelemetry\opentelemetry-sdk-metrics\1.19.0\opentelemetry-sdk-metrics-1.19.0.jar;C:\Users\INDIAN\.m2\repository\io\opentelemetry\opentelemetry-sdk-logs\1.19.0-alpha\opentelemetry-sdk-logs-1.19.0-alpha.jar;C:\Users\INDIAN\.m2\repository\io\opentelemetry\opentelemetry-api-logs\1.19.0-alpha\opentelemetry-api-logs-1.19.0-alpha.jar;C:\Users\INDIAN\.m2\repository\io\opentelemetry\opentelemetry-sdk-common\1.19.0\opentelemetry-sdk-common-1.19.0.jar;C:\Users\INDIAN\.m2\repository\io\opentelemetry\opentelemetry-sdk-extension-autoconfigure-spi\1.19.0\opentelemetry-sdk-extension-autoconfigure-spi-1.19.0.jar;C:\Users\INDIAN\.m2\repository\io\opentelemetry\opentelemetry-sdk-extension-autoconfigure\1.19.0-alpha\opentelemetry-sdk-extension-autoconfigure-1.19.0-alpha.jar;C:\Users\INDIAN\.m2\repository\io\opentelemetry\opentelemetry-exporter-common\1.19.0\opentelemetry-exporter-common-1.19.0.jar;C:\Users\INDIAN\.m2\repository\io\opentelemetry\opentelemetry-sdk-trace\1.19.0\opentelemetry-sdk-trace-1.19.0.jar;C:\Users\INDIAN\.m2\repository\io\opentelemetry\opentelemetry-sdk\1.19.0\opentelemetry-sdk-1.19.0.jar;C:\Users\INDIAN\.m2\repository\io\opentelemetry\opentelemetry-semconv\1.19.0-alpha\opentelemetry-semconv-1.19.0-alpha.jar;C:\Users\INDIAN\.m2\repository\io\ous\jtoml\2.0.0\jtoml-2.0.0.jar;C:\Users\INDIAN\.m2\repository\net\bytebuddy\byte-buddy\1.12.18\byte-buddy-1.12.18.jar;C:\Users\INDIAN\.m2\repository\org\apache\commons\commons-exec\1.3\commons-exec-1.3.jar;C:\Users\INDIAN\.m2\repository\org\asynchttpclient\async-http-client\2.12.3\async-http-client-2.12.3.jar;C:\Users\INDIAN\.m2\repository\org\asynchttpclient\async-http-client-netty-utils\2.12.3\async-http-client-netty-utils-2.12.3.jar;C:\Users\INDIAN\.m2\repository\io\netty\netty-codec-socks\4.1.60.Final\netty-codec-socks-4.1.60.Final.jar;C:\Users\INDIAN\.m2\repository\io\netty\netty-handler-proxy\4.1.60.Final\netty-handler-proxy-4.1.60.Final.jar;C:\Users\INDIAN\.m2\repository\io\netty\netty-transport-native-epoll\4.1.60.Final\netty-transport-native-epoll-4.1.60.Final-linux-x86_64.jar;C:\Users\INDIAN\.m2\repository\io\netty\netty-transport-native-kqueue\4.1.60.Final\netty-transport-native-kqueue-4.1.60.Final-osx-x86_64.jar;C:\Users\INDIAN\.m2\repository\com\typesafe\netty\netty-reactive-streams\2.0.4\netty-reactive-streams-2.0.4.jar;C:\Users\INDIAN\.m2\repository\com\sun\activation\jakarta.activation\1.2.2\jakarta.activation-1.2.2.jar;C:\Users\INDIAN\.m2\repository\org\seleniumhq\selenium\selenium-manager\4.7.2\selenium-manager-4.7.2.jar;C:\Users\INDIAN\.m2\repository\org\seleniumhq\selenium\selenium-safari-driver\4.7.2\selenium-safari-driver-4.7.2.jar;C:\Users\INDIAN\.m2\repository\org\seleniumhq\selenium\selenium-support\4.7.2\selenium-support-4.7.2.jar;C:\Users\INDIAN\.m2\repository\org\testng\testng\7.7.1\testng-7.7.1.jar;C:\Users\INDIAN\.m2\repository\org\slf4j\slf4j-api\1.7.36\slf4j-api-1.7.36.jar;C:\Users\INDIAN\.m2\repository\com\beust\jcommander\1.82\jcommander-1.82.jar;C:\Users\INDIAN\.m2\repository\org\webjars\jquery\3.6.1\jquery-3.6.1.jar;C:\Users\INDIAN\.m2\repository\io\github\bonigarcia\webdrivermanager\5.3.2\webdrivermanager-5.3.2.jar;C:\Users\INDIAN\.m2\repository\com\google\code\gson\gson\2.10.1\gson-2.10.1.jar;C:\Users\INDIAN\.m2\repository\com\github\docker-java\docker-java\3.2.14\docker-java-3.2.14.jar;C:\Users\INDIAN\.m2\repository\com\github\docker-java\docker-java-core\3.2.14\docker-java-core-3.2.14.jar;C:\Users\INDIAN\.m2\repository\com\github\docker-java\docker-java-api\3.2.14\docker-java-api-3.2.14.jar;C:\Users\INDIAN\.m2\repository\com\fasterxml\jackson\core\jackson-annotations\2.10.3\jackson-annotations-2.10.3.jar;C:\Users\INDIAN\.m2\repository\org\apache\commons\commons-compress\1.21\commons-compress-1.21.jar;C:\Users\INDIAN\.m2\repository\com\fasterxml\jackson\core\jackson-databind\2.10.3\jackson-databind-2.10.3.jar;C:\Users\INDIAN\.m2\repository\com\fasterxml\jackson\core\jackson-core\2.10.3\jackson-core-2.10.3.jar;C:\Users\INDIAN\.m2\repository\org\bouncycastle\bcpkix-jdk15on\1.64\bcpkix-jdk15on-1.64.jar;C:\Users\INDIAN\.m2\repository\org\bouncycastle\bcprov-jdk15on\1.64\bcprov-jdk15on-1.64.jar;C:\Users\INDIAN\.m2\repository\org\slf4j\jcl-over-slf4j\1.7.30\jcl-over-slf4j-1.7.30.jar;C:\Users\INDIAN\.m2\repository\com\github\docker-java\docker-java-transport-httpclient5\3.2.14\docker-java-transport-httpclient5-3.2.14.jar;C:\Users\INDIAN\.m2\repository\com\github\docker-java\docker-java-transport\3.2.14\docker-java-transport-3.2.14.jar;C:\Users\INDIAN\.m2\repository\net\java\dev\jna\jna\5.12.1\jna-5.12.1.jar;C:\Users\INDIAN\.m2\repository\org\brotli\dec\0.1.2\dec-0.1.2.jar;C:\Users\INDIAN\.m2\repository\org\apache\httpcomponents\client5\httpclient5\5.2.1\httpclient5-5.2.1.jar;C:\Users\INDIAN\.m2\repository\org\apache\httpcomponents\core5\httpcore5\5.2\httpcore5-5.2.jar;C:\Users\INDIAN\.m2\repository\org\apache\httpcomponents\core5\httpcore5-h2\5.2\httpcore5-h2-5.2.jar;C:\Users\INDIAN\.m2\repository\org\apache\poi\poi-ooxml-schemas\3.17\poi-ooxml-schemas-3.17.jar;C:\Users\INDIAN\.m2\repository\org\apache\poi\poi\3.17\poi-3.17.jar;C:\Users\INDIAN\.m2\repository\commons-codec\commons-codec\1.10\commons-codec-1.10.jar;C:\Users\INDIAN\.m2\repository\org\apache\poi\poi-ooxml\3.17\poi-ooxml-3.17.jar;C:\Users\INDIAN\.m2\repository\com\github\virtuald\curvesapi\1.04\curvesapi-1.04.jar;C:\Users\INDIAN\.m2\repository\com\aventstack\extentreports\5.0.9\extentreports-5.0.9.jar;C:\Users\INDIAN\.m2\repository\io\reactivex\rxjava3\rxjava\3.0.4\rxjava-3.0.4.jar;C:\Users\INDIAN\.m2\repository\org\reactivestreams\reactive-streams\1.0.3\reactive-streams-1.0.3.jar;C:\Users\INDIAN\.m2\repository\org\freemarker\freemarker\2.3.30\freemarker-2.3.30.jar;C:\Users\INDIAN\.m2\repository\org\projectlombok\lombok\1.18.12\lombok-1.18.12.jar;C:\Users\INDIAN\.m2\repository\org\apache\commons\commons-lang3\3.12.0\commons-lang3-3.12.0.jar;C:\Users\INDIAN\.m2\repository\commons-io\commons-io\2.11.0\commons-io-2.11.0.jar;C:\Users\INDIAN\.m2\repository\org\sikuli\sikuli-api\1.2.0\sikuli-api-1.2.0.jar;C:\Users\INDIAN\.m2\repository\org\sikuli\sikuli-core\1.2.2\sikuli-core-1.2.2.jar;C:\Users\INDIAN\.m2\repository\org\bytedeco\javacpp\0.9\javacpp-0.9.jar;C:\Users\INDIAN\.m2\repository\org\bytedeco\javacpp-presets\opencv\2.4.9-0.9\opencv-2.4.9-0.9.jar;C:\Users\INDIAN\.m2\repository\org\piccolo2d\piccolo2d-extras\1.3.1\piccolo2d-extras-1.3.1.jar;C:\Users\INDIAN\.m2\repository\org\piccolo2d\piccolo2d-core\1.3.1\piccolo2d-core-1.3.1.jar;C:\Users\INDIAN\.m2\repository\log4j\log4j\1.2.17\log4j-1.2.17.jar;C:\Users\INDIAN\.m2\repository\org\apache\logging\log4j\log4j-core\2.19.0\log4j-core-2.19.0.jar;C:\Users\INDIAN\.m2\repository\org\apache\logging\log4j\log4j-api\2.19.0\log4j-api-2.19.0.jar;C:\Users\INDIAN\.m2\repository\org\apache\xmlbeans\xmlbeans\5.1.1\xmlbeans-5.1.1.jar;C:\Users\INDIAN\.m2\repository\org\apache\commons\commons-collections4\4.4\commons-collections4-4.4.jar;C:\Users\INDIAN\.m2\repository\org\apache\poi\poi-scratchpad\3.9\poi-scratchpad-3.9.jar;C:\Users\INDIAN\.m2\repository\org\apache\poi\ooxml-schemas\1.1\ooxml-schemas-1.1.jar;C:\Users\INDIAN\.m2\repository\org\apache\poi\openxml4j\1.0-beta\openxml4j-1.0-beta.jar;C:\Users\INDIAN\.m2\repository\dom4j\dom4j\1.6.1\dom4j-1.6.1.jar;C:\Users\INDIAN\.m2\repository\xml-apis\xml-apis\1.0.b2\xml-apis-1.0.b2.jar;C:\Users\INDIAN\.m2\repository\org\apache\maven\plugins\maven-surefire-plugin\3.0.0-M5\maven-surefire-plugin-3.0.0-M5.jar;C:\Users\INDIAN\.m2\repository\org\apache\maven\surefire\maven-surefire-common\3.0.0-M5\maven-surefire-common-3.0.0-M5.jar;C:\Users\INDIAN\.m2\repository\org\apache\maven\surefire\surefire-api\3.0.0-M5\surefire-api-3.0.0-M5.jar;C:\Users\INDIAN\.m2\repository\org\apache\maven\surefire\surefire-logger-api\3.0.0-M5\surefire-logger-api-3.0.0-M5.jar;C:\Users\INDIAN\.m2\repository\org\apache\maven\surefire\surefire-extensions-api\3.0.0-M5\surefire-extensions-api-3.0.0-M5.jar;C:\Users\INDIAN\.m2\repository\org\apache\maven\surefire\surefire-booter\3.0.0-M5\surefire-booter-3.0.0-M5.jar;C:\Users\INDIAN\.m2\repository\org\apache\maven\surefire\surefire-extensions-spi\3.0.0-M5\surefire-extensions-spi-3.0.0-M5.jar;C:\Users\INDIAN\.m2\repository\org\apache\maven\maven-toolchain\3.0-alpha-2\maven-toolchain-3.0-alpha-2.jar;C:\Users\INDIAN\.m2\repository\org\apache\maven\shared\maven-artifact-transfer\0.11.0\maven-artifact-transfer-0.11.0.jar;C:\Users\INDIAN\.m2\repository\org\apache\maven\shared\maven-common-artifact-filters\3.0.1\maven-common-artifact-filters-3.0.1.jar;C:\Users\INDIAN\.m2\repository\org\apache\maven\maven-model\3.0\maven-model-3.0.jar;C:\Users\INDIAN\.m2\repository\org\apache\maven\maven-plugin-api\3.0\maven-plugin-api-3.0.jar;C:\Users\INDIAN\.m2\repository\org\sonatype\sisu\sisu-inject-plexus\1.4.2\sisu-inject-plexus-1.4.2.jar;C:\Users\INDIAN\.m2\repository\org\codehaus\plexus\plexus-classworlds\2.2.3\plexus-classworlds-2.2.3.jar;C:\Users\INDIAN\.m2\repository\org\sonatype\sisu\sisu-inject-bean\1.4.2\sisu-inject-bean-1.4.2.jar;C:\Users\INDIAN\.m2\repository\org\sonatype\sisu\sisu-guice\2.1.7\sisu-guice-2.1.7-noaop.jar;C:\Users\INDIAN\.m2\repository\org\apache\maven\shared\maven-shared-utils\3.1.0\maven-shared-utils-3.1.0.jar;C:\Users\INDIAN\.m2\repository\org\codehaus\plexus\plexus-java\1.0.5\plexus-java-1.0.5.jar;C:\Users\INDIAN\.m2\repository\org\ow2\asm\asm\7.2\asm-7.2.jar;C:\Users\INDIAN\.m2\repository\com\thoughtworks\qdox\qdox\2.0-M9\qdox-2.0-M9.jar;C:\Users\INDIAN\.m2\repository\org\apache\maven\surefire\surefire-shared-utils\3.0.0-M4\surefire-shared-utils-3.0.0-M4.jar
Launcher Type: SUN_STANDARD

[Global flags]
     intx CICompilerCount                          = 3                                         {product} {ergonomic}
     uint ConcGCThreads                            = 1                                         {product} {ergonomic}
     uint G1ConcRefinementThreads                  = 4                                         {product} {ergonomic}
   size_t G1HeapRegionSize                         = 1048576                                   {product} {ergonomic}
    uintx GCDrainStackTargetSize                   = 64                                        {product} {ergonomic}
   size_t InitialHeapSize                          = 67108864                                  {product} {ergonomic}
   size_t MarkStackSize                            = 4194304                                   {product} {ergonomic}
   size_t MaxHeapSize                              = 1048576000                                {product} {ergonomic}
   size_t MaxNewSize                               = 629145600                                 {product} {ergonomic}
   size_t MinHeapDeltaBytes                        = 1048576                                   {product} {ergonomic}
   size_t MinHeapSize                              = 8388608                                   {product} {ergonomic}
    uintx NonNMethodCodeHeapSize                   = 5832780                                {pd product} {ergonomic}
    uintx NonProfiledCodeHeapSize                  = 122912730                              {pd product} {ergonomic}
    uintx ProfiledCodeHeapSize                     = 122912730                              {pd product} {ergonomic}
    uintx ReservedCodeCacheSize                    = 251658240                              {pd product} {ergonomic}
     bool SegmentedCodeCache                       = true                                      {product} {ergonomic}
     bool ShowCodeDetailsInExceptionMessages       = true                                   {manageable} {command line}
   size_t SoftMaxHeapSize                          = 1048576000                             {manageable} {ergonomic}
     bool UseCompressedClassPointers               = true                           {product lp64_product} {ergonomic}
     bool UseCompressedOops                        = true                           {product lp64_product} {ergonomic}
     bool UseG1GC                                  = true                                      {product} {ergonomic}
     bool UseLargePagesIndividualAllocation        = false                                  {pd product} {ergonomic}

Logging:
Log output configuration:
 #0: stdout all=warning uptime,level,tags foldmultilines=false
 #1: stderr all=off uptime,level,tags foldmultilines=false

Environment Variables:
JAVA_HOME=C:\Program Files\Java\jdk-11.0.17
PATH=C:/Users/INDIAN/.p2/pool/plugins/org.eclipse.justj.openjdk.hotspot.jre.full.win32.x86_64_18.0.2.v20221005-1040/jre/bin/server;C:/Users/INDIAN/.p2/pool/plugins/org.eclipse.justj.openjdk.hotspot.jre.full.win32.x86_64_18.0.2.v20221005-1040/jre/bin;C:\Program Files\Common Files\Oracle\Java\javapath;C:\Windows\system32;C:\Windows;C:\Windows\System32\Wbem;C:\Windows\System32\WindowsPowerShell\v1.0\;C:\Users\INDIAN\AppData\Local\Microsoft\WindowsApps;;C:\Users\INDIAN\Desktop;
USERNAME=INDIAN
OS=Windows_NT
PROCESSOR_IDENTIFIER=Intel64 Family 6 Model 58 Stepping 9, GenuineIntel
TMP=C:\Users\INDIAN\AppData\Local\Temp
TEMP=C:\Users\INDIAN\AppData\Local\Temp



---------------  S Y S T E M  ---------------

OS:
 Windows 10 , 64 bit Build 15063 (10.0.15063.296)
OS uptime: 0 days 2:03 hours

CPU: total 4 (initial active 4) (2 cores per cpu, 2 threads per core) family 6 model 58 stepping 9 microcode 0x1b, cx8, cmov, fxsr, ht, mmx, sse, sse2, sse3, ssse3, sse4.1, sse4.2, popcnt, tsc, tscinvbit, avx, erms, clmul, vzeroupper, clflush, rdtscp

Memory: 4k page, system-wide physical 3996M (1087M free)
TotalPageFile size 6940M (AvailPageFile size 2656M)
current process WorkingSet (physical memory assigned to process): 127M, peak: 127M
current process commit charge ("private bytes"): 172M, peak: 173M

vm_info: OpenJDK 64-Bit Server VM (19.0.2+7) for windows-amd64 JRE (19.0.2+7), built on 2023-01-17T00:00:00Z by "temurin" with MS VC++ 16.7 (VS2019)

END.
